Release 8.2.03i - xst I.34
Copyright (c) 1995-2006 Xilinx, Inc.  All rights reserved.
--> Parameter TMPDIR set to ./xst/projnav.tmp
CPU : 0.00 / 2.00 s | Elapsed : 0.00 / 2.00 s
 
--> Parameter xsthdpdir set to ./xst
CPU : 0.00 / 2.00 s | Elapsed : 0.00 / 2.00 s
 
--> Reading design: multiplexeur.prj

TABLE OF CONTENTS
  1) Synthesis Options Summary
  2) HDL Compilation
  3) Design Hierarchy Analysis
  4) HDL Analysis
  5) HDL Synthesis
     5.1) HDL Synthesis Report
  6) Advanced HDL Synthesis
     6.1) Advanced HDL Synthesis Report
  7) Low Level Synthesis
  8) Partition Report
  9) Final Report

=========================================================================
*                      Synthesis Options Summary                        *
=========================================================================
---- Source Parameters
Input File Name                    : "multiplexeur.prj"
Input Format                       : mixed
Ignore Synthesis Constraint File   : NO

---- Target Parameters
Output File Name                   : "multiplexeur"
Output Format                      : NGC
Target Device                      : XC9500 CPLDs

---- Source Options
Top Module Name                    : multiplexeur
Automatic FSM Extraction           : YES
FSM Encoding Algorithm             : Auto
Mux Extraction                     : YES
Resource Sharing                   : YES

---- Target Options
Add IO Buffers                     : YES
MACRO Preserve                     : YES
XOR Preserve                       : YES
Equivalent register Removal        : YES

---- General Options
Optimization Goal                  : Speed
Optimization Effort                : 1
Keep Hierarchy                     : YES
RTL Output                         : Yes
Hierarchy Separator                : /
Bus Delimiter                      : <>
Case Specifier                     : maintain

---- Other Options
lso                                : multiplexeur.lso
verilog2001                        : YES
safe_implementation                : No
wysiwyg                            : NO

=========================================================================


=========================================================================
*                          HDL Compilation                              *
=========================================================================
Compiling vhdl file "//narrhavas/fforest/tp_numerique/multiplexeur/mux.vhd" in Library work.
WARNING:HDLParsers:3530 - Time stamp of file "//narrhavas/fforest/tp_numerique/multiplexeur/mux.vhd" is newer than current system time.
Entity <multiplexeur> compiled.
Entity <multiplexeur> (Architecture <equation>) compiled.

=========================================================================
*                     Design Hierarchy Analysis                         *
=========================================================================
Analyzing hierarchy for entity <multiplexeur> in library <work> (architecture <equation>).

Building hierarchy successfully finished.

=========================================================================
*                            HDL Analysis                               *
=========================================================================
Analyzing Entity <multiplexeur> in library <work> (Architecture <equation>).
Entity <multiplexeur> analyzed. Unit <multiplexeur> generated.


=========================================================================
*                           HDL Synthesis                               *
=========================================================================

Performing bidirectional port resolution...

Synthesizing Unit <multiplexeur>.
    Related source file is "//narrhavas/fforest/tp_numerique/multiplexeur/mux.vhd".
    Found 1-bit 4-to-1 multiplexer for signal <S>.
Unit <multiplexeur> synthesized.


=========================================================================
HDL Synthesis Report

Macro Statistics
# Multiplexers                                         : 1
 1-bit 4-to-1 multiplexer                              : 1

=========================================================================

=========================================================================
*                       Advanced HDL Synthesis                          *
=========================================================================


=========================================================================
Advanced HDL Synthesis Report

Macro Statistics
# Multiplexers                                         : 1
 1-bit 4-to-1 multiplexer                              : 1

=========================================================================

=========================================================================
*                         Low Level Synthesis                           *
=========================================================================

Optimizing unit <multiplexeur> ...

=========================================================================
*                          Partition Report                             *
=========================================================================

Partition Implementation Status
-------------------------------

  No Partitions were found in this design.

-------------------------------

=========================================================================
*                            Final Report                               *
=========================================================================
Final Results
RTL Top Level Output File Name     : multiplexeur.ngr
Top Level Output File Name         : multiplexeur
Output Format                      : NGC
Optimization Goal                  : Speed
Keep Hierarchy                     : YES
Target Technology                  : XC9500 CPLDs
Macro Preserve                     : YES
XOR Preserve                       : YES
wysiwyg                            : NO

Design Statistics
# IOs                              : 7

Cell Usage :
# BELS                             : 12
#      AND2                        : 6
#      INV                         : 3
#      OR2                         : 3
# IO Buffers                       : 7
#      IBUF                        : 6
#      OBUF                        : 1
=========================================================================
CPU : 5.42 / 7.47 s | Elapsed : 6.00 / 8.00 s
 
--> 

Total memory usage is 111844 kilobytes

Number of errors   :    0 (   0 filtered)
Number of warnings :    1 (   0 filtered)
Number of infos    :    0 (   0 filtered)

